F:\MFC学习\8-6-PS\8-6-PS\DEBUG\8-6-PS.PCH
F:\MFC学习\8-6-PS\8-6-PS\DEBUG\STDAFX.OBJ
F:\MFC学习\8-6-PS\8-6-PS\DEBUG\VC110.PDB
F:\MFC学习\8-6-PS\8-6-PS\DEBUG\8-6-PS.OBJ
F:\MFC学习\8-6-PS\8-6-PS\DEBUG\8-6-PSDOC.OBJ
F:\MFC学习\8-6-PS\8-6-PS\DEBUG\8-6-PSVIEW.OBJ
F:\MFC学习\8-6-PS\8-6-PS\DEBUG\MAINFRM.OBJ
F:\MFC学习\8-6-PS\8-6-PS\DEBUG\ELLI.OBJ
F:\MFC学习\8-6-PS\8-6-PS\DEBUG\LAYER.OBJ
F:\MFC学习\8-6-PS\8-6-PS\DEBUG\LINE.OBJ
F:\MFC学习\8-6-PS\8-6-PS\DEBUG\8-6-PS.RES
F:\MFC学习\8-6-ps\8-6-ps\Debug\8-6-ps.obj
F:\MFC学习\8-6-ps\8-6-ps\Debug\8-6-psDoc.obj
F:\MFC学习\8-6-ps\8-6-ps\Debug\8-6-psView.obj
F:\MFC学习\8-6-ps\8-6-ps\Debug\Elli.obj
F:\MFC学习\8-6-ps\8-6-ps\Debug\Layer.obj
F:\MFC学习\8-6-ps\8-6-ps\Debug\Line.obj
F:\MFC学习\8-6-ps\8-6-ps\Debug\MainFrm.obj
F:\MFC学习\8-6-ps\8-6-ps\Debug\stdafx.obj
F:\MFC学习\8-6-ps\8-6-ps\Debug\cl.command.1.tlog
F:\MFC学习\8-6-ps\8-6-ps\Debug\CL.read.1.tlog
F:\MFC学习\8-6-ps\8-6-ps\Debug\CL.write.1.tlog
F:\MFC学习\8-6-ps\8-6-ps\Debug\link-cvtres.read.1.tlog
F:\MFC学习\8-6-ps\8-6-ps\Debug\link-cvtres.write.1.tlog
F:\MFC学习\8-6-ps\8-6-ps\Debug\link-mt.read.1.tlog
F:\MFC学习\8-6-ps\8-6-ps\Debug\link-mt.write.1.tlog
F:\MFC学习\8-6-ps\8-6-ps\Debug\link-rc.read.1.tlog
F:\MFC学习\8-6-ps\8-6-ps\Debug\link-rc.write.1.tlog
F:\MFC学习\8-6-ps\8-6-ps\Debug\link.2096-cvtres.read.1.tlog
F:\MFC学习\8-6-ps\8-6-ps\Debug\link.2096-cvtres.write.1.tlog
F:\MFC学习\8-6-ps\8-6-ps\Debug\link.2096-mt.read.1.tlog
F:\MFC学习\8-6-ps\8-6-ps\Debug\link.2096-mt.write.1.tlog
F:\MFC学习\8-6-ps\8-6-ps\Debug\link.2096-rc.read.1.tlog
F:\MFC学习\8-6-ps\8-6-ps\Debug\link.2096-rc.write.1.tlog
F:\MFC学习\8-6-ps\8-6-ps\Debug\link.2096.read.1.tlog
F:\MFC学习\8-6-ps\8-6-ps\Debug\link.2096.write.1.tlog
F:\MFC学习\8-6-ps\8-6-ps\Debug\link.5204-cvtres.read.1.tlog
F:\MFC学习\8-6-ps\8-6-ps\Debug\link.5204-cvtres.write.1.tlog
F:\MFC学习\8-6-ps\8-6-ps\Debug\link.5204-mt.read.1.tlog
F:\MFC学习\8-6-ps\8-6-ps\Debug\link.5204-mt.write.1.tlog
F:\MFC学习\8-6-ps\8-6-ps\Debug\link.5204-rc.read.1.tlog
F:\MFC学习\8-6-ps\8-6-ps\Debug\link.5204-rc.write.1.tlog
F:\MFC学习\8-6-ps\8-6-ps\Debug\link.5204.read.1.tlog
F:\MFC学习\8-6-ps\8-6-ps\Debug\link.5204.write.1.tlog
F:\MFC学习\8-6-ps\8-6-ps\Debug\link.7300-cvtres.read.1.tlog
F:\MFC学习\8-6-ps\8-6-ps\Debug\link.7300-cvtres.write.1.tlog
F:\MFC学习\8-6-ps\8-6-ps\Debug\link.7300-mt.read.1.tlog
F:\MFC学习\8-6-ps\8-6-ps\Debug\link.7300-mt.write.1.tlog
F:\MFC学习\8-6-ps\8-6-ps\Debug\link.7300-rc.read.1.tlog
F:\MFC学习\8-6-ps\8-6-ps\Debug\link.7300-rc.write.1.tlog
F:\MFC学习\8-6-ps\8-6-ps\Debug\link.7300.read.1.tlog
F:\MFC学习\8-6-ps\8-6-ps\Debug\link.7300.write.1.tlog
F:\MFC学习\8-6-ps\8-6-ps\Debug\link.command.1.tlog
F:\MFC学习\8-6-ps\8-6-ps\Debug\link.read.1.tlog
F:\MFC学习\8-6-ps\8-6-ps\Debug\link.write.1.tlog
F:\MFC学习\8-6-ps\8-6-ps\Debug\rc.command.1.tlog
F:\MFC学习\8-6-ps\8-6-ps\Debug\rc.read.1.tlog
F:\MFC学习\8-6-ps\8-6-ps\Debug\rc.write.1.tlog
F:\MFC学习\8-6-ps\8-6-ps\Debug\8-6-ps.res
F:\MFC学习\8-6-ps\8-6-ps\Debug\8-6-ps.pch
F:\MFC学习\8-6-ps\8-6-ps\Debug\vc110.idb
F:\MFC学习\8-6-ps\8-6-ps\Debug\vc110.pdb
F:\MFC学习\8-6-ps\Debug\8-6-ps.pdb
